<?xml version="1.0" encoding="UTF-8"?>
<testng-results skipped="0" failed="0" total="2" passed="2">
  <reporter-output>
  </reporter-output>
  <suite name="Command line suite" duration-ms="15" started-at="2015-06-13T22:39:21Z" finished-at="2015-06-13T22:39:21Z">
    <groups>
    </groups>
    <test name="Command line test" duration-ms="15" started-at="2015-06-13T22:39:21Z" finished-at="2015-06-13T22:39:21Z">
      <class name="com.company.app.test.BeforeClassTest">
        <test-method status="PASS" signature="oneTimeSetup()" name="oneTimeSetup" is-config="true" duration-ms="9" started-at="2015-06-13T22:39:21Z" finished-at="2015-06-13T22:39:21Z">
        </test-method>
        <test-method status="PASS" signature="test_1()" name="test_1" duration-ms="1" started-at="2015-06-13T22:39:21Z" finished-at="2015-06-13T22:39:21Z">
        </test-method>
        <test-method status="PASS" signature="test_2()" name="test_2" duration-ms="1" started-at="2015-06-13T22:39:21Z" finished-at="2015-06-13T22:39:21Z">
        </test-method>
      </class>
    </test>
  </suite>
</testng-results>
